C:\USERS\RAVINDRAKUMARG\DOCUMENTS\VISUAL STUDIO 2010\PROJECTS\CCHATCLIENT\CCHATCLIENT\DEBUG\CCHAT.OBJ
C:\USERS\RAVINDRAKUMARG\DOCUMENTS\VISUAL STUDIO 2010\PROJECTS\CCHATCLIENT\CCHATCLIENT\DEBUG\CCHATCLIENT.EXE.EMBED.MANIFEST
C:\USERS\RAVINDRAKUMARG\DOCUMENTS\VISUAL STUDIO 2010\PROJECTS\CCHATCLIENT\CCHATCLIENT\DEBUG\CCHATCLIENT.EXE.EMBED.MANIFEST.RES
C:\USERS\RAVINDRAKUMARG\DOCUMENTS\VISUAL STUDIO 2010\PROJECTS\CCHATCLIENT\CCHATCLIENT\DEBUG\CCHATCLIENT.EXE.INTERMEDIATE.MANIFEST
C:\USERS\RAVINDRAKUMARG\DOCUMENTS\VISUAL STUDIO 2010\PROJECTS\CCHATCLIENT\CCHATCLIENT\DEBUG\CCHATCLIENT.OBJ
C:\USERS\RAVINDRAKUMARG\DOCUMENTS\VISUAL STUDIO 2010\PROJECTS\CCHATCLIENT\CCHATCLIENT\DEBUG\CCHATCLIENT.PCH
C:\USERS\RAVINDRAKUMARG\DOCUMENTS\VISUAL STUDIO 2010\PROJECTS\CCHATCLIENT\CCHATCLIENT\DEBUG\STDAFX.OBJ
C:\USERS\RAVINDRAKUMARG\DOCUMENTS\VISUAL STUDIO 2010\PROJECTS\CCHATCLIENT\CCHATCLIENT\DEBUG\VC100.PDB
C:\USERS\RAVINDRAKUMARG\DOCUMENTS\VISUAL STUDIO 2010\PROJECTS\CCHATCLIENT\DEBUG\CCHATCLIENT.EXE
C:\USERS\RAVINDRAKUMARG\DOCUMENTS\VISUAL STUDIO 2010\PROJECTS\CCHATCLIENT\DEBUG\CCHATCLIENT.ILK
C:\USERS\RAVINDRAKUMARG\DOCUMENTS\VISUAL STUDIO 2010\PROJECTS\CCHATCLIENT\DEBUG\CCHATCLIENT.PDB
E:\Projects\Visual Studio 2010\Projects\socket_program\CChatClient\CChatClient\Debug\CChat.obj
E:\Projects\Visual Studio 2010\Projects\socket_program\CChatClient\CChatClient\Debug\CChatClient.exe.embed.manifest
E:\Projects\Visual Studio 2010\Projects\socket_program\CChatClient\CChatClient\Debug\CChatClient.exe.embed.manifest.res
E:\Projects\Visual Studio 2010\Projects\socket_program\CChatClient\CChatClient\Debug\CChatClient.exe.intermediate.manifest
E:\Projects\Visual Studio 2010\Projects\socket_program\CChatClient\CChatClient\Debug\CChatClient.pch
E:\Projects\Visual Studio 2010\Projects\socket_program\CChatClient\CChatClient\Debug\CChatClient.vcxprojResolveAssemblyReference.cache
E:\Projects\Visual Studio 2010\Projects\socket_program\CChatClient\CChatClient\Debug\CChatClient.write.1.tlog
E:\Projects\Visual Studio 2010\Projects\socket_program\CChatClient\CChatClient\Debug\CChatClient_manifest.rc
E:\Projects\Visual Studio 2010\Projects\socket_program\CChatClient\CChatClient\Debug\cl.command.1.tlog
E:\Projects\Visual Studio 2010\Projects\socket_program\CChatClient\CChatClient\Debug\CL.read.1.tlog
E:\Projects\Visual Studio 2010\Projects\socket_program\CChatClient\CChatClient\Debug\CL.write.1.tlog
E:\Projects\Visual Studio 2010\Projects\socket_program\CChatClient\CChatClient\Debug\link.1080.read.1.tlog
E:\Projects\Visual Studio 2010\Projects\socket_program\CChatClient\CChatClient\Debug\link.1080.write.1.tlog
E:\Projects\Visual Studio 2010\Projects\socket_program\CChatClient\CChatClient\Debug\link.1080-cvtres.read.1.tlog
E:\Projects\Visual Studio 2010\Projects\socket_program\CChatClient\CChatClient\Debug\link.1080-cvtres.write.1.tlog
E:\Projects\Visual Studio 2010\Projects\socket_program\CChatClient\CChatClient\Debug\link.2092.read.1.tlog
E:\Projects\Visual Studio 2010\Projects\socket_program\CChatClient\CChatClient\Debug\link.2092.write.1.tlog
E:\Projects\Visual Studio 2010\Projects\socket_program\CChatClient\CChatClient\Debug\link.2092-cvtres.read.1.tlog
E:\Projects\Visual Studio 2010\Projects\socket_program\CChatClient\CChatClient\Debug\link.2092-cvtres.write.1.tlog
E:\Projects\Visual Studio 2010\Projects\socket_program\CChatClient\CChatClient\Debug\link.3320.read.1.tlog
E:\Projects\Visual Studio 2010\Projects\socket_program\CChatClient\CChatClient\Debug\link.3320.write.1.tlog
E:\Projects\Visual Studio 2010\Projects\socket_program\CChatClient\CChatClient\Debug\link.3320-cvtres.read.1.tlog
E:\Projects\Visual Studio 2010\Projects\socket_program\CChatClient\CChatClient\Debug\link.3320-cvtres.write.1.tlog
E:\Projects\Visual Studio 2010\Projects\socket_program\CChatClient\CChatClient\Debug\link.3476.read.1.tlog
E:\Projects\Visual Studio 2010\Projects\socket_program\CChatClient\CChatClient\Debug\link.3476.write.1.tlog
E:\Projects\Visual Studio 2010\Projects\socket_program\CChatClient\CChatClient\Debug\link.3476-cvtres.read.1.tlog
E:\Projects\Visual Studio 2010\Projects\socket_program\CChatClient\CChatClient\Debug\link.3476-cvtres.write.1.tlog
E:\Projects\Visual Studio 2010\Projects\socket_program\CChatClient\CChatClient\Debug\link.5896.read.1.tlog
E:\Projects\Visual Studio 2010\Projects\socket_program\CChatClient\CChatClient\Debug\link.5896.write.1.tlog
E:\Projects\Visual Studio 2010\Projects\socket_program\CChatClient\CChatClient\Debug\link.5896-cvtres.read.1.tlog
E:\Projects\Visual Studio 2010\Projects\socket_program\CChatClient\CChatClient\Debug\link.5896-cvtres.write.1.tlog
E:\Projects\Visual Studio 2010\Projects\socket_program\CChatClient\CChatClient\Debug\link.6124.read.1.tlog
E:\Projects\Visual Studio 2010\Projects\socket_program\CChatClient\CChatClient\Debug\link.6124.write.1.tlog
E:\Projects\Visual Studio 2010\Projects\socket_program\CChatClient\CChatClient\Debug\link.6124-cvtres.read.1.tlog
E:\Projects\Visual Studio 2010\Projects\socket_program\CChatClient\CChatClient\Debug\link.6124-cvtres.write.1.tlog
E:\Projects\Visual Studio 2010\Projects\socket_program\CChatClient\CChatClient\Debug\link.6188.read.1.tlog
E:\Projects\Visual Studio 2010\Projects\socket_program\CChatClient\CChatClient\Debug\link.6188.write.1.tlog
E:\Projects\Visual Studio 2010\Projects\socket_program\CChatClient\CChatClient\Debug\link.6188-cvtres.read.1.tlog
E:\Projects\Visual Studio 2010\Projects\socket_program\CChatClient\CChatClient\Debug\link.6188-cvtres.write.1.tlog
E:\Projects\Visual Studio 2010\Projects\socket_program\CChatClient\CChatClient\Debug\link.7256.read.1.tlog
E:\Projects\Visual Studio 2010\Projects\socket_program\CChatClient\CChatClient\Debug\link.7256.write.1.tlog
E:\Projects\Visual Studio 2010\Projects\socket_program\CChatClient\CChatClient\Debug\link.7256-cvtres.read.1.tlog
E:\Projects\Visual Studio 2010\Projects\socket_program\CChatClient\CChatClient\Debug\link.7256-cvtres.write.1.tlog
E:\Projects\Visual Studio 2010\Projects\socket_program\CChatClient\CChatClient\Debug\link.7628.read.1.tlog
E:\Projects\Visual Studio 2010\Projects\socket_program\CChatClient\CChatClient\Debug\link.7628.write.1.tlog
E:\Projects\Visual Studio 2010\Projects\socket_program\CChatClient\CChatClient\Debug\link.7628-cvtres.read.1.tlog
E:\Projects\Visual Studio 2010\Projects\socket_program\CChatClient\CChatClient\Debug\link.7628-cvtres.write.1.tlog
E:\Projects\Visual Studio 2010\Projects\socket_program\CChatClient\CChatClient\Debug\link.command.1.tlog
E:\Projects\Visual Studio 2010\Projects\socket_program\CChatClient\CChatClient\Debug\link.read.1.tlog
E:\Projects\Visual Studio 2010\Projects\socket_program\CChatClient\CChatClient\Debug\link.write.1.tlog
E:\Projects\Visual Studio 2010\Projects\socket_program\CChatClient\CChatClient\Debug\link-cvtres.read.1.tlog
E:\Projects\Visual Studio 2010\Projects\socket_program\CChatClient\CChatClient\Debug\link-cvtres.write.1.tlog
E:\Projects\Visual Studio 2010\Projects\socket_program\CChatClient\CChatClient\Debug\mt.command.1.tlog
E:\Projects\Visual Studio 2010\Projects\socket_program\CChatClient\CChatClient\Debug\mt.read.1.tlog
E:\Projects\Visual Studio 2010\Projects\socket_program\CChatClient\CChatClient\Debug\mt.write.1.tlog
E:\Projects\Visual Studio 2010\Projects\socket_program\CChatClient\CChatClient\Debug\rc.command.1.tlog
E:\Projects\Visual Studio 2010\Projects\socket_program\CChatClient\CChatClient\Debug\rc.read.1.tlog
E:\Projects\Visual Studio 2010\Projects\socket_program\CChatClient\CChatClient\Debug\rc.write.1.tlog
E:\Projects\Visual Studio 2010\Projects\socket_program\CChatClient\CChatClient\Debug\stdafx.obj
E:\Projects\Visual Studio 2010\Projects\socket_program\CChatClient\CChatClient\Debug\vc100.idb
E:\Projects\Visual Studio 2010\Projects\socket_program\CChatClient\CChatClient\Debug\vc100.pdb
E:\Projects\Visual Studio 2010\Projects\socket_program\CChatClient\Debug\CChatClient.exe
E:\Projects\Visual Studio 2010\Projects\socket_program\CChatClient\Debug\CChatClient.ilk
E:\Projects\Visual Studio 2010\Projects\socket_program\CChatClient\Debug\CChatClient.pdb
