c:\users\ravindrakumarg\documents\visual studio 2010\projects\cchatclient\cchatclient\release\cchatclient.pch
c:\users\ravindrakumarg\documents\visual studio 2010\projects\cchatclient\cchatclient\release\stdafx.obj
c:\users\ravindrakumarg\documents\visual studio 2010\projects\cchatclient\cchatclient\release\vc100.pdb
c:\users\ravindrakumarg\documents\visual studio 2010\projects\cchatclient\cchatclient\release\cchatclient.obj
c:\users\ravindrakumarg\documents\visual studio 2010\projects\cchatclient\cchatclient\release\cchat.obj
c:\users\ravindrakumarg\documents\visual studio 2010\projects\cchatclient\release\cchatclient.exe
c:\users\ravindrakumarg\documents\visual studio 2010\projects\cchatclient\cchatclient\release\cchatclient.exe.intermediate.manifest
c:\users\ravindrakumarg\documents\visual studio 2010\projects\cchatclient\release\cchatclient.pdb
c:\users\ravingupta\documents\projects\projects_c++\systemproj\socket_program\cchatclient\cchatclient\release\cchatclient.vcxprojresolveassemblyreference.cache
c:\users\ravingupta\documents\projects\projects_c++\systemproj\socket_program\cchatclient\cchatclient\release\cchat.obj
c:\users\ravingupta\documents\projects\projects_c++\systemproj\socket_program\cchatclient\cchatclient\release\cchatclient.obj
c:\users\ravingupta\documents\projects\projects_c++\systemproj\socket_program\cchatclient\cchatclient\release\stdafx.obj
c:\users\ravingupta\documents\projects\projects_c++\systemproj\socket_program\cchatclient\cchatclient\release\cchatclient.write.1.tlog
c:\users\ravingupta\documents\projects\projects_c++\systemproj\socket_program\cchatclient\cchatclient\release\cl.command.1.tlog
c:\users\ravingupta\documents\projects\projects_c++\systemproj\socket_program\cchatclient\cchatclient\release\cl.read.1.tlog
c:\users\ravingupta\documents\projects\projects_c++\systemproj\socket_program\cchatclient\cchatclient\release\cl.write.1.tlog
c:\users\ravingupta\documents\projects\projects_c++\systemproj\socket_program\cchatclient\cchatclient\release\link.command.1.tlog
c:\users\ravingupta\documents\projects\projects_c++\systemproj\socket_program\cchatclient\cchatclient\release\link.read.1.tlog
c:\users\ravingupta\documents\projects\projects_c++\systemproj\socket_program\cchatclient\cchatclient\release\link.write.1.tlog
c:\users\ravingupta\documents\projects\projects_c++\systemproj\socket_program\cchatclient\cchatclient\release\mt.command.1.tlog
c:\users\ravingupta\documents\projects\projects_c++\systemproj\socket_program\cchatclient\cchatclient\release\mt.read.1.tlog
c:\users\ravingupta\documents\projects\projects_c++\systemproj\socket_program\cchatclient\cchatclient\release\mt.write.1.tlog
c:\users\ravingupta\documents\projects\projects_c++\systemproj\socket_program\cchatclient\cchatclient\release\cchatclient.exe.intermediate.manifest
c:\users\ravingupta\documents\projects\projects_c++\systemproj\socket_program\cchatclient\cchatclient\release\cchatclient.pch
c:\users\ravingupta\documents\projects\projects_c++\systemproj\socket_program\cchatclient\cchatclient\release\vc100.pdb
